0 info it worked if it ends with ok
1 verbose cli [ '/usr/local/bin/node', '/usr/local/bin/npm', 'publish' ]
2 info using npm@1.3.24
3 info using node@v0.10.25
4 verbose publish [ '.' ]
5 verbose cache add [ '.', null ]
6 verbose cache add name=undefined spec="." args=[".",null]
7 verbose parsed url { protocol: null,
7 verbose parsed url   slashes: null,
7 verbose parsed url   auth: null,
7 verbose parsed url   host: null,
7 verbose parsed url   port: null,
7 verbose parsed url   hostname: null,
7 verbose parsed url   hash: null,
7 verbose parsed url   search: null,
7 verbose parsed url   query: null,
7 verbose parsed url   pathname: '.',
7 verbose parsed url   path: '.',
7 verbose parsed url   href: '.' }
8 silly lockFile 3a52ce78- .
9 verbose lock . /Users/micgunnu/.npm/3a52ce78-.lock
10 verbose tar pack [ '/var/folders/cf/v_hwhzhs5jqbmcc1xj08ymkdjvd_3k/T/npm-3508-ziLiifvB/1400843229321-0.37055507209151983/tmp.tgz',
10 verbose tar pack   '.' ]
11 verbose tarball /var/folders/cf/v_hwhzhs5jqbmcc1xj08ymkdjvd_3k/T/npm-3508-ziLiifvB/1400843229321-0.37055507209151983/tmp.tgz
12 verbose folder .
13 info prepublish indexed-db-cache@0.0.0
14 silly lockFile 1f1177db-tar tar://.
15 verbose lock tar://. /Users/micgunnu/.npm/1f1177db-tar.lock
16 silly lockFile 59284288-9321-0-37055507209151983-tmp-tgz tar:///var/folders/cf/v_hwhzhs5jqbmcc1xj08ymkdjvd_3k/T/npm-3508-ziLiifvB/1400843229321-0.37055507209151983/tmp.tgz
17 verbose lock tar:///var/folders/cf/v_hwhzhs5jqbmcc1xj08ymkdjvd_3k/T/npm-3508-ziLiifvB/1400843229321-0.37055507209151983/tmp.tgz /Users/micgunnu/.npm/59284288-9321-0-37055507209151983-tmp-tgz.lock
18 silly lockFile 1f1177db-tar tar://.
19 silly lockFile 1f1177db-tar tar://.
20 silly lockFile 59284288-9321-0-37055507209151983-tmp-tgz tar:///var/folders/cf/v_hwhzhs5jqbmcc1xj08ymkdjvd_3k/T/npm-3508-ziLiifvB/1400843229321-0.37055507209151983/tmp.tgz
21 silly lockFile 59284288-9321-0-37055507209151983-tmp-tgz tar:///var/folders/cf/v_hwhzhs5jqbmcc1xj08ymkdjvd_3k/T/npm-3508-ziLiifvB/1400843229321-0.37055507209151983/tmp.tgz
22 verbose tar unpack /var/folders/cf/v_hwhzhs5jqbmcc1xj08ymkdjvd_3k/T/npm-3508-ziLiifvB/1400843229321-0.37055507209151983/tmp.tgz
23 silly lockFile 81009a33-9321-0-37055507209151983-package tar:///var/folders/cf/v_hwhzhs5jqbmcc1xj08ymkdjvd_3k/T/npm-3508-ziLiifvB/1400843229321-0.37055507209151983/package
24 verbose lock tar:///var/folders/cf/v_hwhzhs5jqbmcc1xj08ymkdjvd_3k/T/npm-3508-ziLiifvB/1400843229321-0.37055507209151983/package /Users/micgunnu/.npm/81009a33-9321-0-37055507209151983-package.lock
25 silly lockFile 59284288-9321-0-37055507209151983-tmp-tgz tar:///var/folders/cf/v_hwhzhs5jqbmcc1xj08ymkdjvd_3k/T/npm-3508-ziLiifvB/1400843229321-0.37055507209151983/tmp.tgz
26 verbose lock tar:///var/folders/cf/v_hwhzhs5jqbmcc1xj08ymkdjvd_3k/T/npm-3508-ziLiifvB/1400843229321-0.37055507209151983/tmp.tgz /Users/micgunnu/.npm/59284288-9321-0-37055507209151983-tmp-tgz.lock
27 silly gunzTarPerm modes [ '755', '644' ]
28 silly gunzTarPerm extractEntry package.json
29 silly gunzTarPerm extractEntry .npmignore
30 silly gunzTarPerm extractEntry README.md
31 silly gunzTarPerm extractEntry index.js
32 silly gunzTarPerm extractEntry karma.conf.js
33 silly gunzTarPerm extractEntry test.js
34 silly gunzTarPerm extractEntry .travis.yml
35 silly lockFile 81009a33-9321-0-37055507209151983-package tar:///var/folders/cf/v_hwhzhs5jqbmcc1xj08ymkdjvd_3k/T/npm-3508-ziLiifvB/1400843229321-0.37055507209151983/package
36 silly lockFile 81009a33-9321-0-37055507209151983-package tar:///var/folders/cf/v_hwhzhs5jqbmcc1xj08ymkdjvd_3k/T/npm-3508-ziLiifvB/1400843229321-0.37055507209151983/package
37 silly lockFile 59284288-9321-0-37055507209151983-tmp-tgz tar:///var/folders/cf/v_hwhzhs5jqbmcc1xj08ymkdjvd_3k/T/npm-3508-ziLiifvB/1400843229321-0.37055507209151983/tmp.tgz
38 silly lockFile 59284288-9321-0-37055507209151983-tmp-tgz tar:///var/folders/cf/v_hwhzhs5jqbmcc1xj08ymkdjvd_3k/T/npm-3508-ziLiifvB/1400843229321-0.37055507209151983/tmp.tgz
39 verbose tar pack [ '/Users/micgunnu/.npm/indexed-db-cache/0.0.0/package.tgz',
39 verbose tar pack   '/var/folders/cf/v_hwhzhs5jqbmcc1xj08ymkdjvd_3k/T/npm-3508-ziLiifvB/1400843229321-0.37055507209151983/package' ]
40 verbose tarball /Users/micgunnu/.npm/indexed-db-cache/0.0.0/package.tgz
41 verbose folder /var/folders/cf/v_hwhzhs5jqbmcc1xj08ymkdjvd_3k/T/npm-3508-ziLiifvB/1400843229321-0.37055507209151983/package
42 silly lockFile 81009a33-9321-0-37055507209151983-package tar:///var/folders/cf/v_hwhzhs5jqbmcc1xj08ymkdjvd_3k/T/npm-3508-ziLiifvB/1400843229321-0.37055507209151983/package
43 verbose lock tar:///var/folders/cf/v_hwhzhs5jqbmcc1xj08ymkdjvd_3k/T/npm-3508-ziLiifvB/1400843229321-0.37055507209151983/package /Users/micgunnu/.npm/81009a33-9321-0-37055507209151983-package.lock
44 silly lockFile 1cb14859-dexed-db-cache-0-0-0-package-tgz tar:///Users/micgunnu/.npm/indexed-db-cache/0.0.0/package.tgz
45 verbose lock tar:///Users/micgunnu/.npm/indexed-db-cache/0.0.0/package.tgz /Users/micgunnu/.npm/1cb14859-dexed-db-cache-0-0-0-package-tgz.lock
46 silly lockFile 81009a33-9321-0-37055507209151983-package tar:///var/folders/cf/v_hwhzhs5jqbmcc1xj08ymkdjvd_3k/T/npm-3508-ziLiifvB/1400843229321-0.37055507209151983/package
47 silly lockFile 81009a33-9321-0-37055507209151983-package tar:///var/folders/cf/v_hwhzhs5jqbmcc1xj08ymkdjvd_3k/T/npm-3508-ziLiifvB/1400843229321-0.37055507209151983/package
48 silly lockFile 1cb14859-dexed-db-cache-0-0-0-package-tgz tar:///Users/micgunnu/.npm/indexed-db-cache/0.0.0/package.tgz
49 silly lockFile 1cb14859-dexed-db-cache-0-0-0-package-tgz tar:///Users/micgunnu/.npm/indexed-db-cache/0.0.0/package.tgz
50 silly lockFile b565fa11-m-indexed-db-cache-0-0-0-package /Users/micgunnu/.npm/indexed-db-cache/0.0.0/package
51 verbose lock /Users/micgunnu/.npm/indexed-db-cache/0.0.0/package /Users/micgunnu/.npm/b565fa11-m-indexed-db-cache-0-0-0-package.lock
52 silly lockFile b565fa11-m-indexed-db-cache-0-0-0-package /Users/micgunnu/.npm/indexed-db-cache/0.0.0/package
53 silly lockFile b565fa11-m-indexed-db-cache-0-0-0-package /Users/micgunnu/.npm/indexed-db-cache/0.0.0/package
54 verbose tar unpack /Users/micgunnu/.npm/indexed-db-cache/0.0.0/package.tgz
55 silly lockFile 6e521d96-m-indexed-db-cache-0-0-0-package tar:///Users/micgunnu/.npm/indexed-db-cache/0.0.0/package
56 verbose lock tar:///Users/micgunnu/.npm/indexed-db-cache/0.0.0/package /Users/micgunnu/.npm/6e521d96-m-indexed-db-cache-0-0-0-package.lock
57 silly lockFile 1cb14859-dexed-db-cache-0-0-0-package-tgz tar:///Users/micgunnu/.npm/indexed-db-cache/0.0.0/package.tgz
58 verbose lock tar:///Users/micgunnu/.npm/indexed-db-cache/0.0.0/package.tgz /Users/micgunnu/.npm/1cb14859-dexed-db-cache-0-0-0-package-tgz.lock
59 silly gunzTarPerm modes [ '755', '644' ]
60 silly gunzTarPerm extractEntry package.json
61 silly gunzTarPerm extractEntry .npmignore
62 silly gunzTarPerm extractEntry README.md
63 silly gunzTarPerm extractEntry index.js
64 silly gunzTarPerm extractEntry karma.conf.js
65 silly gunzTarPerm extractEntry test.js
66 silly gunzTarPerm extractEntry .travis.yml
67 silly lockFile 6e521d96-m-indexed-db-cache-0-0-0-package tar:///Users/micgunnu/.npm/indexed-db-cache/0.0.0/package
68 silly lockFile 6e521d96-m-indexed-db-cache-0-0-0-package tar:///Users/micgunnu/.npm/indexed-db-cache/0.0.0/package
69 silly lockFile 1cb14859-dexed-db-cache-0-0-0-package-tgz tar:///Users/micgunnu/.npm/indexed-db-cache/0.0.0/package.tgz
70 silly lockFile 1cb14859-dexed-db-cache-0-0-0-package-tgz tar:///Users/micgunnu/.npm/indexed-db-cache/0.0.0/package.tgz
71 verbose chmod /Users/micgunnu/.npm/indexed-db-cache/0.0.0/package.tgz 644
72 verbose chown /Users/micgunnu/.npm/indexed-db-cache/0.0.0/package.tgz [ 1672915058, 1503010931 ]
73 silly lockFile 3a52ce78- .
74 silly lockFile 3a52ce78- .
75 silly publish { name: 'indexed-db-cache',
75 silly publish   version: '0.0.0',
75 silly publish   description: 'Javascript object that provides an interface to caching objects in IndexDB. Uses UMD to wrap the object',
75 silly publish   main: 'index.js',
75 silly publish   scripts: { test: './node_modules/karma/bin/karma start' },
75 silly publish   repository: { type: 'git', url: 'git@github.com:sslash/indexedDBCache.git' },
75 silly publish   keywords: [ 'JavaScript', 'IndexDB' ],
75 silly publish   author: { name: 'Michael Gunnulfsen' },
75 silly publish   license: 'ISC',
75 silly publish   devDependencies:
75 silly publish    { chai: '~1.9.0',
75 silly publish      'karma-chai': '~0.1.0',
75 silly publish      mocha: '~1.17.1',
75 silly publish      'karma-mocha': '~0.1.1',
75 silly publish      'karma-script-launcher': '~0.1.0',
75 silly publish      'karma-chrome-launcher': '~0.1.2',
75 silly publish      'karma-firefox-launcher': '~0.1.3',
75 silly publish      'karma-html2js-preprocessor': '~0.1.0',
75 silly publish      'karma-coffee-preprocessor': '~0.1.3',
75 silly publish      requirejs: '~2.1.11',
75 silly publish      'karma-requirejs': '~0.2.1',
75 silly publish      'karma-phantomjs-launcher': '~0.1.2',
75 silly publish      karma: '~0.10.9',
75 silly publish      browserify: '~3.30.1',
75 silly publish      'karma-browserify': '~0.1.0',
75 silly publish      'karma-sinon-chai': '~0.1.4' },
75 silly publish   readme: 'ERROR: No README data found!',
75 silly publish   readmeFilename: 'README.md',
75 silly publish   bugs: { url: 'https://github.com/sslash/indexedDBCache/issues' },
75 silly publish   homepage: 'https://github.com/sslash/indexedDBCache',
75 silly publish   _id: 'indexed-db-cache@0.0.0',
75 silly publish   dist: { shasum: 'c15950958555f4102ce402df653a5b7765f1547f' },
75 silly publish   _from: '.' }
76 verbose url raw indexed-db-cache
77 verbose url resolving [ 'https://registry.npmjs.org/', './indexed-db-cache' ]
78 verbose url resolved https://registry.npmjs.org/indexed-db-cache
79 info trying registry request attempt 1 at 13:07:09
80 http PUT https://registry.npmjs.org/indexed-db-cache
81 http 403 https://registry.npmjs.org/indexed-db-cache
82 info trying registry request attempt 1 at 13:07:11
83 http PUT https://registry.npmjs.org/indexed-db-cache
84 http 403 https://registry.npmjs.org/indexed-db-cache
85 error publish Failed PUT 403
86 error Error: forbidden cannot modify pre-existing version: 0.0.0
86 error old={"name":"indexed-db-cache","version":"0.0.0","description":"Javascript object that provides an interface to caching objects in IndexDB. Uses UMD to wrap the object","main":"index.js","scripts":{"test":"./node_modules/karma/bin/karma start"},"keywords":["JavaScript","IndexDB"],"author":{"name":"Michael Gunnulfsen"},"license":"ISC","devDependencies":{"chai":"~1.9.0","karma-chai":"~0.1.0","mocha":"~1.17.1","karma-mocha":"~0.1.1","karma-script-launcher":"~0.1.0","karma-chrome-launcher":"~0.1.2","karma-firefox-launcher":"~0.1.3","karma-html2js-preprocessor":"~0.1.0","karma-coffee-preprocessor":"~0.1.3","requirejs":"~2.1.11","karma-requirejs":"~0.2.1","karma-phantomjs-launcher":"~0.1.2","karma":"~0.10.9","browserify":"~3.30.1","karma-browserify":"~0.1.0","karma-sinon-chai":"~0.1.4"},"_id":"indexed-db-cache@0.0.0","dist":{"shasum":"df3c3c8a50ea54758427b88ccec5bc19d2c3c4d4","tarball":"http://registry.npmjs.org/indexed-db-cache/-/indexed-db-cache-0.0.0.tgz"},"_from":".","_npmVersion":"1.3.24","_npmUser":{"name":"sslash","email":"michaelgunnulfsen@gmail.com"},"maintainers":[{"name":"sslash","email":"michaelgunnulfsen@gmail.com"}]}
86 error new={"name":"indexed-db-cache","version":"0.0.0","description":"Javascript object that provides an interface to caching objects in IndexDB. Uses UMD to wrap the object","main":"index.js","scripts":{"test":"./node_modules/karma/bin/karma start"},"repository":{"type":"git","url":"git@github.com:sslash/indexedDBCache.git"},"keywords":["JavaScript","IndexDB"],"author":{"name":"Michael Gunnulfsen"},"license":"ISC","devDependencies":{"chai":"~1.9.0","karma-chai":"~0.1.0","mocha":"~1.17.1","karma-mocha":"~0.1.1","karma-script-launcher":"~0.1.0","karma-chrome-launcher":"~0.1.2","karma-firefox-launcher":"~0.1.3","karma-html2js-preprocessor":"~0.1.0","karma-coffee-preprocessor":"~0.1.3","requirejs":"~2.1.11","karma-requirejs":"~0.2.1","karma-phantomjs-launcher":"~0.1.2","karma":"~0.10.9","browserify":"~3.30.1","karma-browserify":"~0.1.0","karma-sinon-chai":"~0.1.4"},"readme":"ERROR: No README data found!","readmeFilename":"README.md","bugs":{"url":"https://github.com/sslash/indexedDBCache/issues"},"homepage":"https://github.com/sslash/indexedDBCache","_id":"indexed-db-cache@0.0.0","dist":{"shasum":"c15950958555f4102ce402df653a5b7765f1547f","tarball":"http://registry.npmjs.org/indexed-db-cache/-/indexed-db-cache-0.0.0.tgz"},"_from":".","_npmVersion":"1.3.24","_npmUser":{"name":"sslash","email":"michaelgunnulfsen@gmail.com"},"maintainers":[{"name":"sslash","email":"michaelgunnulfsen@gmail.com"}]}: indexed-db-cache
86 error     at RegClient.<anonymous> (/usr/local/lib/node_modules/npm/node_modules/npm-registry-client/lib/request.js:275:14)
86 error     at Request.self.callback (/usr/local/lib/node_modules/npm/node_modules/request/request.js:123:22)
86 error     at Request.EventEmitter.emit (events.js:98:17)
86 error     at Request.<anonymous> (/usr/local/lib/node_modules/npm/node_modules/request/request.js:893:14)
86 error     at Request.EventEmitter.emit (events.js:117:20)
86 error     at IncomingMessage.<anonymous> (/usr/local/lib/node_modules/npm/node_modules/request/request.js:844:12)
86 error     at IncomingMessage.EventEmitter.emit (events.js:117:20)
86 error     at _stream_readable.js:920:16
86 error     at process._tickCallback (node.js:415:13)
87 error If you need help, you may report this *entire* log,
87 error including the npm and node versions, at:
87 error     <http://github.com/isaacs/npm/issues>
88 error System Darwin 12.5.0
89 error command "/usr/local/bin/node" "/usr/local/bin/npm" "publish"
90 error cwd /Users/micgunnu/code/sap/IndexDbCache
91 error node -v v0.10.25
92 error npm -v 1.3.24
93 verbose exit [ 1, true ]
